mktextfm ptmr7t
mktextfm ptmr7t
mktextfm ptmb7t
mktextfm nullfont
mktextfm phvr7t
mktextfm ptmr7t
mktextfm ptmb7t
mktextfm nullfont
mktextfm ptmri7t
mktextfm ptmb7t
mktextfm nullfont
mktextfm phvr7t
mktextfm ptmr7t
mktextfm phvr7t
mktextfm ptmb7t
mktextfm nullfont
mktextfm ptmr7t
mktextfm ptmr7t
mktextfm ptmb7t
mktextfm nullfont
mktextfm phvr7t
mktextfm ptmr7t
mktextfm ptmb7t
mktextfm nullfont
mktextfm ptmri7t
mktextfm ptmb7t
mktextfm nullfont
mktextfm phvr7t
mktextfm ptmr7t
mktextfm phvr7t
mktextfm ptmb7t
mktextfm nullfont
mktextfm ptmr7t
mktextfm ptmr7t
mktextfm ptmb7t
mktextfm nullfont
mktextfm phvr7t
mktextfm ptmr7t
mktextfm ptmb7t
mktextfm nullfont
mktextfm ptmri7t
mktextfm ptmb7t
mktextfm nullfont
mktextfm phvr7t
mktextfm ptmr7t
mktextfm phvr7t
mktextfm ptmb7t
mktextfm nullfont
mktextfm ptmr7t
mktextfm ptmr7t
mktextfm ptmb7t
mktextfm nullfont
mktextfm phvr7t
mktextfm ptmr7t
mktextfm ptmb7t
mktextfm nullfont
mktextfm ptmri7t
mktextfm ptmb7t
mktextfm nullfont
mktextfm phvr7t
mktextfm ptmr7t
mktextfm phvr7t
mktextfm ptmb7t
mktextfm nullfont
mktextfm phvr7t
mktextfm phvro7t
mktextfm nullfont
mktextfm phvr7t
mktextfm phvro7t
mktextfm nullfont
mktextfm ptmr7t
mktextfm phvr7t
mktextfm pcrr7t
mktextfm ptmri7t
mktextfm ptmr7t
mktextfm ptmr7t
mktextfm ptmb7t
mktextfm nullfont
mktextfm phvr7t
mktextfm ptmr7t
mktextfm ptmb7t
mktextfm nullfont
mktextfm ptmri7t
mktextfm ptmb7t
mktextfm nullfont
mktextfm phvr7t
mktextfm ptmr7t
mktextfm phvr7t
mktextfm ptmb7t
mktextfm nullfont
mktextfm phvr7t
mktextfm phvro7t
mktextfm nullfont
mktextfm phvr7t
mktextfm phvro7t
mktextfm nullfont
mktextfm ptmr7t
mktextfm phvr7t
mktextfm pcrr7t
mktextfm ptmri7t
mktextfm ptmr7t
mktextfm ptmr7t
mktextfm ptmb7t
mktextfm nullfont
mktextfm phvr7t
mktextfm ptmr7t
mktextfm ptmb7t
mktextfm nullfont
mktextfm ptmri7t
mktextfm ptmb7t
mktextfm nullfont
mktextfm phvr7t
mktextfm ptmr7t
mktextfm phvr7t
mktextfm ptmb7t
mktextfm nullfont
