This is pdfTeX, Version 3.1415926-2.5-1.40.14 (MiKTeX 2.9) (preloaded format=pdflatex 2014.10.6)  23 SEP 2016 18:00
entering extended mode
**F:/docs/articles/mu-SIC/progress_reports/2017/music_template_2017/your_chapte
r_bibitem/your_chapter.tex

(F:/docs/articles/mu-SIC/progress_reports/2017/music_template_2017/your_chapter
_bibitem/your_chapter.tex
LaTeX2e <2014/05/01>
Babel <3.9l> and hyphenation patterns for 68 languages loaded.
! Undefined control sequence.
l.14 \chapter
             [\theauthorsshort: \thetitlefull]{\thetitlefull \\ \vbox{}
? 
! Emergency stop.
l.14 \chapter
             [\theauthorsshort: \thetitlefull]{\thetitlefull \\ \vbox{}
End of file on the terminal!

 
Here is how much of TeX's memory you used:
 11 strings out of 493705
 427 string characters out of 3142152
 52147 words of memory out of 3000000
 3432 multiletter control sequences out of 15000+200000
 3640 words of font info for 14 fonts, out of 3000000 for 9000
 1025 hyphenation exceptions out of 8191
 7i,0n,6p,263b,8s stack positions out of 5000i,500n,10000p,200000b,50000s
!  ==> Fatal error occurred, no output PDF file produced!
